


ARM Macro Assembler    Page 1 


    1 00000000         ;/******************************************************
                       *************************
    2 00000000         ; * (C)2015, LINKO SEMICONDUCTOR Co.ltd
    3 00000000         ; *
    4 00000000         ; ******************************************************
                       *************************/
    5 00000000         ;* <<< Use Configuration Wizard in Context Menu >>>   
    6 00000000         ; <h> Stack Configuration
    7 00000000         ;   <o> Stack Size (in Bytes) <0x0-0xFFFFFFFF:8>
    8 00000000         ; </h>
    9 00000000         
   10 00000000 00000400 
                       Stack_Size
                               EQU              0x00000400
   11 00000000         
   12 00000000                 AREA             STACK, NOINIT, READWRITE, ALIGN
=3
   13 00000000         Stack_Mem
                               SPACE            Stack_Size
   14 00000400         __initial_sp
   15 00000400         
   16 00000400         
   17 00000400         ; <h> Heap Configuration
   18 00000400         ;   <o>  Heap Size (in Bytes) <0x0-0xFFFFFFFF:8>
   19 00000400         ; </h>
   20 00000400         
   21 00000400 00000200 
                       Heap_Size
                               EQU              0x00000200
   22 00000400         
   23 00000400                 AREA             HEAP, NOINIT, READWRITE, ALIGN=
3
   24 00000000         __heap_base
   25 00000000         Heap_Mem
                               SPACE            Heap_Size
   26 00000200         __heap_limit
   27 00000200         
   28 00000200                 PRESERVE8
   29 00000200                 THUMB
   30 00000200         
   31 00000200         
   32 00000200         ; Vector Table Mapped to Address 0 at Reset
   33 00000200                 AREA             RESET, DATA, READONLY
   34 00000000                 EXPORT           __Vectors
   35 00000000                 EXPORT           __Vectors_End
   36 00000000                 EXPORT           __Vectors_Size
   37 00000000         
   38 00000000 00000000 
                       __Vectors
                               DCD              __initial_sp ; Top of Stack
   39 00000004 00000000        DCD              Reset_Handler ; Reset Handler
   40 00000008 00000000        DCD              NMI_Handler ; NMI Handler
   41 0000000C 00000000        DCD              HardFault_Handler ; Hard Fault 
                                                            Handler
   42 00000010 00000000        DCD              0           ; Reserved
   43 00000014 00000000        DCD              0           ; Reserved
   44 00000018 00000000        DCD              0           ; Reserved
   45 0000001C 00000000        DCD              0           ; Reserved
   46 00000020 00000000        DCD              0           ; Reserved



ARM Macro Assembler    Page 2 


   47 00000024 00000000        DCD              0           ; Reserved
   48 00000028 00000000        DCD              0           ; Reserved
   49 0000002C 00000000        DCD              SVC_Handler ; SVCall Handler
   50 00000030 00000000        DCD              0           ; Reserved
   51 00000034 00000000        DCD              0           ; Reserved
   52 00000038 00000000        DCD              PendSV_Handler ; PendSV Handler
                                                            
   53 0000003C 00000000        DCD              SysTick_Handler 
                                                            ; SysTick Handler
   54 00000040         
   55 00000040         ; External Interrupts
   56 00000040         ; 0-3
   57 00000040 00000000        DCD              TIMER0_IRQHandler ;
   58 00000044 00000000        DCD              TIMER1_IRQHandler ;
   59 00000048 00000000        DCD              TIMER2_IRQHandler ;
   60 0000004C 00000000        DCD              TIMER3_IRQHandler ;
   61 00000050         
   62 00000050         ;4-7
   63 00000050 00000000        DCD              ENCODER0_IRQHandler ;
   64 00000054 00000000        DCD              ENCODER1_IRQHandler ;
   65 00000058 00000000        DCD              I2C0_IRQHandler ;
   66 0000005C 00000000        DCD              GPIO_IRQHandler ;
   67 00000060         
   68 00000060         ;8-11
   69 00000060 00000000        DCD              UART0_IRQHandler ;
   70 00000064 00000000        DCD              HALL_IRQHandler ;
   71 00000068 00000000        DCD              SPI0_IRQHandler ;
   72 0000006C 00000000        DCD              ADC0_IRQHandler ;
   73 00000070         
   74 00000070         ;12-15
   75 00000070 00000000        DCD              DSP_IRQHandler ;
   76 00000074 00000000        DCD              MCPWM_IRQHandler ;
   77 00000078 00000000        DCD              UART1_IRQHandler ;
   78 0000007C 00000000        DCD              CMP_IRQHandler ;
   79 00000080         
   80 00000080         ;16-19
   81 00000080 00000000        DCD              WAKE_IRQHandler ;
   82 00000084 00000000        DCD              PWRDN_IRQHandler ;
   83 00000088 00000000        DCD              DMA_IRQHandler ;
   84 0000008C 00000000        DCD              CAN_IRQHandler ;
   85 00000090         
   86 00000090         ;20-23
   87 00000090 00000000        DCD              SIF_IRQHandler ;
   88 00000094 00000000        DCD              0           ;
   89 00000098 00000000        DCD              0           ;
   90 0000009C 00000000        DCD              0           ;
   91 000000A0         
   92 000000A0         ;24-27
   93 000000A0 00000000        DCD              0           ;
   94 000000A4 00000000        DCD              0           ;
   95 000000A8 00000000        DCD              0           ;
   96 000000AC 00000000        DCD              0           ;
   97 000000B0         
   98 000000B0         ;28-31
   99 000000B0 00000000        DCD              0           ;
  100 000000B4 00000000        DCD              0           ;
  101 000000B8 00000000        DCD              0           ;
  102 000000BC 00000000        DCD              0           ;
  103 000000C0         



ARM Macro Assembler    Page 3 


  104 000000C0         __Vectors_End
  105 000000C0         
  106 000000C0 000000C0 
                       __Vectors_Size
                               EQU              __Vectors_End - __Vectors
  107 000000C0         
  108 000000C0                 AREA             |.text|, CODE, READONLY
  109 00000000         
  110 00000000         ; Reset handler routine
  111 00000000         Reset_Handler
                               PROC
  112 00000000                 EXPORT           Reset_Handler                 [
WEAK]
  113 00000000                 IMPORT           __main
  114 00000000                 IMPORT           SystemInit
  115 00000000         
  116 00000000         
  117 00000000         
  118 00000000 4806            LDR              R0, =__initial_sp ; set stack p
                                                            ointer 
  119 00000002 F380 8808       MSR              MSP, R0
  120 00000006         
  121 00000006         
  122 00000006         ApplicationStart
  123 00000006 4806            LDR              R0, =SystemInit
  124 00000008 4780            BLX              R0
  125 0000000A 4806            LDR              R0, =__main
  126 0000000C 4700            BX               R0
  127 0000000E                 ENDP
  128 0000000E         
  129 0000000E         ; Dummy Exception Handlers (infinite loops which can be 
                       modified)
  130 0000000E         
  131 0000000E         NMI_Handler
                               PROC
  132 0000000E                 EXPORT           NMI_Handler                    
[WEAK]
  133 0000000E E7FE            B                .
  134 00000010                 ENDP
  136 00000010         HardFault_Handler
                               PROC
  137 00000010                 EXPORT           HardFault_Handler              
[WEAK]
  138 00000010 E7FE            B                .
  139 00000012                 ENDP
  140 00000012         SVC_Handler
                               PROC
  141 00000012                 EXPORT           SVC_Handler                    
[WEAK]
  142 00000012 E7FE            B                .
  143 00000014                 ENDP
  144 00000014         PendSV_Handler
                               PROC
  145 00000014                 EXPORT           PendSV_Handler                 
[WEAK]
  146 00000014 E7FE            B                .
  147 00000016                 ENDP
  148 00000016         SysTick_Handler
                               PROC



ARM Macro Assembler    Page 4 


  149 00000016                 EXPORT           SysTick_Handler                
[WEAK]
  150 00000016 E7FE            B                .
  151 00000018                 ENDP
  152 00000018         
  153 00000018         Default_Handler
                               PROC
  154 00000018         
  155 00000018                 EXPORT           TIMER0_IRQHandler             [
WEAK]
  156 00000018                 EXPORT           TIMER1_IRQHandler             [
WEAK]
  157 00000018                 EXPORT           TIMER2_IRQHandler             [
WEAK]
  158 00000018                 EXPORT           TIMER3_IRQHandler             [
WEAK]
  159 00000018                 EXPORT           ENCODER0_IRQHandler           [
WEAK]
  160 00000018                 EXPORT           ENCODER1_IRQHandler           [
WEAK]
  161 00000018                 EXPORT           I2C0_IRQHandler               [
WEAK]
  162 00000018                 EXPORT           GPIO_IRQHandler               [
WEAK]
  163 00000018                 EXPORT           UART0_IRQHandler              [
WEAK]
  164 00000018                 EXPORT           HALL_IRQHandler               [
WEAK]
  165 00000018                 EXPORT           SPI0_IRQHandler               [
WEAK]
  166 00000018                 EXPORT           ADC0_IRQHandler               [
WEAK]
  167 00000018                 EXPORT           DSP_IRQHandler                [
WEAK]
  168 00000018                 EXPORT           MCPWM_IRQHandler              [
WEAK]
  169 00000018                 EXPORT           UART1_IRQHandler              [
WEAK]
  170 00000018                 EXPORT           CMP_IRQHandler                [
WEAK]
  171 00000018                 EXPORT           WAKE_IRQHandler               [
WEAK]
  172 00000018                 EXPORT           PWRDN_IRQHandler              [
WEAK]
  173 00000018                 EXPORT           DMA_IRQHandler                [
WEAK]
  174 00000018                 EXPORT           CAN_IRQHandler                [
WEAK]
  175 00000018                 EXPORT           SIF_IRQHandler                [
WEAK]
  176 00000018         
  177 00000018         TIMER0_IRQHandler
  178 00000018         TIMER1_IRQHandler
  179 00000018         TIMER2_IRQHandler
  180 00000018         TIMER3_IRQHandler
  181 00000018         ENCODER0_IRQHandler
  182 00000018         ENCODER1_IRQHandler
  183 00000018         I2C0_IRQHandler
  184 00000018         GPIO_IRQHandler



ARM Macro Assembler    Page 5 


  185 00000018         UART0_IRQHandler
  186 00000018         HALL_IRQHandler
  187 00000018         SPI0_IRQHandler
  188 00000018         ADC0_IRQHandler
  189 00000018         DSP_IRQHandler
  190 00000018         MCPWM_IRQHandler
  191 00000018         UART1_IRQHandler
  192 00000018         CMP_IRQHandler
  193 00000018         WAKE_IRQHandler
  194 00000018         PWRDN_IRQHandler
  195 00000018         DMA_IRQHandler
  196 00000018         CAN_IRQHandler
  197 00000018         SIF_IRQHandler
  198 00000018         
  199 00000018 E7FE            B                .
  200 0000001A         
  201 0000001A                 ENDP
  202 0000001A         
  203 0000001A 00 00           ALIGN
  204 0000001C         
  205 0000001C         ;*******************************************************
                       ************************
  206 0000001C         ; User Stack and Heap initialization
  207 0000001C         ;*******************************************************
                       ************************
  208 0000001C                 IF               :DEF:__MICROLIB
  209 0000001C         
  210 0000001C                 EXPORT           __initial_sp
  211 0000001C                 EXPORT           __heap_base
  212 0000001C                 EXPORT           __heap_limit
  213 0000001C         
  214 0000001C                 ELSE
  229                          ENDIF
  230 0000001C         
  231 0000001C                 END
              00000000 
              00000000 
              00000000 
Command Line: --debug --xref --diag_suppress=9931 --cpu=Cortex-M0 --apcs=interw
ork --depend=.\objects\startup_lks32mc08x.d -o.\objects\startup_lks32mc08x.o -I
C:\Keil_v5\Arm\Packs\Linko\LKS08x\1.1.7\Device\Include --predefine="__MICROLIB 
SETA 1" --predefine="__UVISION_VERSION SETA 538" --predefine="LKS32MC081C8T8 SE
TA 1" --list=.\listings\startup_lks32mc08x.lst Source\startup_lks32mc08x.s



ARM Macro Assembler    Page 1 Alphabetic symbol ordering
Relocatable symbols

STACK 00000000

Symbol: STACK
   Definitions
      At line 12 in file Source\startup_lks32mc08x.s
   Uses
      None
Comment: STACK unused
Stack_Mem 00000000

Symbol: Stack_Mem
   Definitions
      At line 13 in file Source\startup_lks32mc08x.s
   Uses
      None
Comment: Stack_Mem unused
__initial_sp 00000400

Symbol: __initial_sp
   Definitions
      At line 14 in file Source\startup_lks32mc08x.s
   Uses
      At line 38 in file Source\startup_lks32mc08x.s
      At line 118 in file Source\startup_lks32mc08x.s
      At line 210 in file Source\startup_lks32mc08x.s

3 symbols



ARM Macro Assembler    Page 1 Alphabetic symbol ordering
Relocatable symbols

HEAP 00000000

Symbol: HEAP
   Definitions
      At line 23 in file Source\startup_lks32mc08x.s
   Uses
      None
Comment: HEAP unused
Heap_Mem 00000000

Symbol: Heap_Mem
   Definitions
      At line 25 in file Source\startup_lks32mc08x.s
   Uses
      None
Comment: Heap_Mem unused
__heap_base 00000000

Symbol: __heap_base
   Definitions
      At line 24 in file Source\startup_lks32mc08x.s
   Uses
      At line 211 in file Source\startup_lks32mc08x.s
Comment: __heap_base used once
__heap_limit 00000200

Symbol: __heap_limit
   Definitions
      At line 26 in file Source\startup_lks32mc08x.s
   Uses
      At line 212 in file Source\startup_lks32mc08x.s
Comment: __heap_limit used once
4 symbols



ARM Macro Assembler    Page 1 Alphabetic symbol ordering
Relocatable symbols

RESET 00000000

Symbol: RESET
   Definitions
      At line 33 in file Source\startup_lks32mc08x.s
   Uses
      None
Comment: RESET unused
__Vectors 00000000

Symbol: __Vectors
   Definitions
      At line 38 in file Source\startup_lks32mc08x.s
   Uses
      At line 34 in file Source\startup_lks32mc08x.s
      At line 106 in file Source\startup_lks32mc08x.s

__Vectors_End 000000C0

Symbol: __Vectors_End
   Definitions
      At line 104 in file Source\startup_lks32mc08x.s
   Uses
      At line 35 in file Source\startup_lks32mc08x.s
      At line 106 in file Source\startup_lks32mc08x.s

3 symbols



ARM Macro Assembler    Page 1 Alphabetic symbol ordering
Relocatable symbols

.text 00000000

Symbol: .text
   Definitions
      At line 108 in file Source\startup_lks32mc08x.s
   Uses
      None
Comment: .text unused
ADC0_IRQHandler 00000018

Symbol: ADC0_IRQHandler
   Definitions
      At line 188 in file Source\startup_lks32mc08x.s
   Uses
      At line 72 in file Source\startup_lks32mc08x.s
      At line 166 in file Source\startup_lks32mc08x.s

ApplicationStart 00000006

Symbol: ApplicationStart
   Definitions
      At line 122 in file Source\startup_lks32mc08x.s
   Uses
      None
Comment: ApplicationStart unused
CAN_IRQHandler 00000018

Symbol: CAN_IRQHandler
   Definitions
      At line 196 in file Source\startup_lks32mc08x.s
   Uses
      At line 84 in file Source\startup_lks32mc08x.s
      At line 174 in file Source\startup_lks32mc08x.s

CMP_IRQHandler 00000018

Symbol: CMP_IRQHandler
   Definitions
      At line 192 in file Source\startup_lks32mc08x.s
   Uses
      At line 78 in file Source\startup_lks32mc08x.s
      At line 170 in file Source\startup_lks32mc08x.s

DMA_IRQHandler 00000018

Symbol: DMA_IRQHandler
   Definitions
      At line 195 in file Source\startup_lks32mc08x.s
   Uses
      At line 83 in file Source\startup_lks32mc08x.s
      At line 173 in file Source\startup_lks32mc08x.s

DSP_IRQHandler 00000018

Symbol: DSP_IRQHandler
   Definitions
      At line 189 in file Source\startup_lks32mc08x.s
   Uses
      At line 75 in file Source\startup_lks32mc08x.s



ARM Macro Assembler    Page 2 Alphabetic symbol ordering
Relocatable symbols

      At line 167 in file Source\startup_lks32mc08x.s

Default_Handler 00000018

Symbol: Default_Handler
   Definitions
      At line 153 in file Source\startup_lks32mc08x.s
   Uses
      None
Comment: Default_Handler unused
ENCODER0_IRQHandler 00000018

Symbol: ENCODER0_IRQHandler
   Definitions
      At line 181 in file Source\startup_lks32mc08x.s
   Uses
      At line 63 in file Source\startup_lks32mc08x.s
      At line 159 in file Source\startup_lks32mc08x.s

ENCODER1_IRQHandler 00000018

Symbol: ENCODER1_IRQHandler
   Definitions
      At line 182 in file Source\startup_lks32mc08x.s
   Uses
      At line 64 in file Source\startup_lks32mc08x.s
      At line 160 in file Source\startup_lks32mc08x.s

GPIO_IRQHandler 00000018

Symbol: GPIO_IRQHandler
   Definitions
      At line 184 in file Source\startup_lks32mc08x.s
   Uses
      At line 66 in file Source\startup_lks32mc08x.s
      At line 162 in file Source\startup_lks32mc08x.s

HALL_IRQHandler 00000018

Symbol: HALL_IRQHandler
   Definitions
      At line 186 in file Source\startup_lks32mc08x.s
   Uses
      At line 70 in file Source\startup_lks32mc08x.s
      At line 164 in file Source\startup_lks32mc08x.s

HardFault_Handler 00000010

Symbol: HardFault_Handler
   Definitions
      At line 136 in file Source\startup_lks32mc08x.s
   Uses
      At line 41 in file Source\startup_lks32mc08x.s
      At line 137 in file Source\startup_lks32mc08x.s

I2C0_IRQHandler 00000018

Symbol: I2C0_IRQHandler
   Definitions



ARM Macro Assembler    Page 3 Alphabetic symbol ordering
Relocatable symbols

      At line 183 in file Source\startup_lks32mc08x.s
   Uses
      At line 65 in file Source\startup_lks32mc08x.s
      At line 161 in file Source\startup_lks32mc08x.s

MCPWM_IRQHandler 00000018

Symbol: MCPWM_IRQHandler
   Definitions
      At line 190 in file Source\startup_lks32mc08x.s
   Uses
      At line 76 in file Source\startup_lks32mc08x.s
      At line 168 in file Source\startup_lks32mc08x.s

NMI_Handler 0000000E

Symbol: NMI_Handler
   Definitions
      At line 131 in file Source\startup_lks32mc08x.s
   Uses
      At line 40 in file Source\startup_lks32mc08x.s
      At line 132 in file Source\startup_lks32mc08x.s

PWRDN_IRQHandler 00000018

Symbol: PWRDN_IRQHandler
   Definitions
      At line 194 in file Source\startup_lks32mc08x.s
   Uses
      At line 82 in file Source\startup_lks32mc08x.s
      At line 172 in file Source\startup_lks32mc08x.s

PendSV_Handler 00000014

Symbol: PendSV_Handler
   Definitions
      At line 144 in file Source\startup_lks32mc08x.s
   Uses
      At line 52 in file Source\startup_lks32mc08x.s
      At line 145 in file Source\startup_lks32mc08x.s

Reset_Handler 00000000

Symbol: Reset_Handler
   Definitions
      At line 111 in file Source\startup_lks32mc08x.s
   Uses
      At line 39 in file Source\startup_lks32mc08x.s
      At line 112 in file Source\startup_lks32mc08x.s

SIF_IRQHandler 00000018

Symbol: SIF_IRQHandler
   Definitions
      At line 197 in file Source\startup_lks32mc08x.s
   Uses
      At line 87 in file Source\startup_lks32mc08x.s
      At line 175 in file Source\startup_lks32mc08x.s




ARM Macro Assembler    Page 4 Alphabetic symbol ordering
Relocatable symbols

SPI0_IRQHandler 00000018

Symbol: SPI0_IRQHandler
   Definitions
      At line 187 in file Source\startup_lks32mc08x.s
   Uses
      At line 71 in file Source\startup_lks32mc08x.s
      At line 165 in file Source\startup_lks32mc08x.s

SVC_Handler 00000012

Symbol: SVC_Handler
   Definitions
      At line 140 in file Source\startup_lks32mc08x.s
   Uses
      At line 49 in file Source\startup_lks32mc08x.s
      At line 141 in file Source\startup_lks32mc08x.s

SysTick_Handler 00000016

Symbol: SysTick_Handler
   Definitions
      At line 148 in file Source\startup_lks32mc08x.s
   Uses
      At line 53 in file Source\startup_lks32mc08x.s
      At line 149 in file Source\startup_lks32mc08x.s

TIMER0_IRQHandler 00000018

Symbol: TIMER0_IRQHandler
   Definitions
      At line 177 in file Source\startup_lks32mc08x.s
   Uses
      At line 57 in file Source\startup_lks32mc08x.s
      At line 155 in file Source\startup_lks32mc08x.s

TIMER1_IRQHandler 00000018

Symbol: TIMER1_IRQHandler
   Definitions
      At line 178 in file Source\startup_lks32mc08x.s
   Uses
      At line 58 in file Source\startup_lks32mc08x.s
      At line 156 in file Source\startup_lks32mc08x.s

TIMER2_IRQHandler 00000018

Symbol: TIMER2_IRQHandler
   Definitions
      At line 179 in file Source\startup_lks32mc08x.s
   Uses
      At line 59 in file Source\startup_lks32mc08x.s
      At line 157 in file Source\startup_lks32mc08x.s

TIMER3_IRQHandler 00000018

Symbol: TIMER3_IRQHandler
   Definitions
      At line 180 in file Source\startup_lks32mc08x.s



ARM Macro Assembler    Page 5 Alphabetic symbol ordering
Relocatable symbols

   Uses
      At line 60 in file Source\startup_lks32mc08x.s
      At line 158 in file Source\startup_lks32mc08x.s

UART0_IRQHandler 00000018

Symbol: UART0_IRQHandler
   Definitions
      At line 185 in file Source\startup_lks32mc08x.s
   Uses
      At line 69 in file Source\startup_lks32mc08x.s
      At line 163 in file Source\startup_lks32mc08x.s

UART1_IRQHandler 00000018

Symbol: UART1_IRQHandler
   Definitions
      At line 191 in file Source\startup_lks32mc08x.s
   Uses
      At line 77 in file Source\startup_lks32mc08x.s
      At line 169 in file Source\startup_lks32mc08x.s

WAKE_IRQHandler 00000018

Symbol: WAKE_IRQHandler
   Definitions
      At line 193 in file Source\startup_lks32mc08x.s
   Uses
      At line 81 in file Source\startup_lks32mc08x.s
      At line 171 in file Source\startup_lks32mc08x.s

30 symbols



ARM Macro Assembler    Page 1 Alphabetic symbol ordering
Absolute symbols

Heap_Size 00000200

Symbol: Heap_Size
   Definitions
      At line 21 in file Source\startup_lks32mc08x.s
   Uses
      At line 25 in file Source\startup_lks32mc08x.s
Comment: Heap_Size used once
Stack_Size 00000400

Symbol: Stack_Size
   Definitions
      At line 10 in file Source\startup_lks32mc08x.s
   Uses
      At line 13 in file Source\startup_lks32mc08x.s
Comment: Stack_Size used once
__Vectors_Size 000000C0

Symbol: __Vectors_Size
   Definitions
      At line 106 in file Source\startup_lks32mc08x.s
   Uses
      At line 36 in file Source\startup_lks32mc08x.s
Comment: __Vectors_Size used once
3 symbols



ARM Macro Assembler    Page 1 Alphabetic symbol ordering
External symbols

SystemInit 00000000

Symbol: SystemInit
   Definitions
      At line 114 in file Source\startup_lks32mc08x.s
   Uses
      At line 123 in file Source\startup_lks32mc08x.s
Comment: SystemInit used once
__main 00000000

Symbol: __main
   Definitions
      At line 113 in file Source\startup_lks32mc08x.s
   Uses
      At line 125 in file Source\startup_lks32mc08x.s
Comment: __main used once
2 symbols
380 symbols in table
